<?xml version="1.0" encoding="UTF-8"?>
<!-- Generated by org.testng.reporters.JUnitReportReporter -->
<testsuite hostname="LAPTOP-N7HJO66S" failures="0" tests="1" name="extentreports.LoginTest" time="10.501" errors="0" timestamp="2022-02-14T23:45:16 IST" skipped="0">
  <testcase classname="extentreports.LoginTest" name="loginTest" time="10.501"/>
  <system-out/>
</testsuite> <!-- extentreports.LoginTest -->
