<?xml version="1.0" encoding="UTF-8"?>
<!-- Generated by org.testng.reporters.JUnitReportReporter -->
<testsuite hostname="LAPTOP-N7HJO66S" failures="0" tests="1" name="extentreports.Test1" time="11.500" errors="0" timestamp="2022-02-14T22:56:45 IST" skipped="0">
  <testcase classname="extentreports.Test1" name="loginTest" time="11.500"/>
  <system-out/>
</testsuite> <!-- extentreports.Test1 -->
