<?xml version="1.0" encoding="UTF-8"?>
<!-- Generated by org.testng.reporters.JUnitReportReporter -->
<testsuite hostname="LAPTOP-N7HJO66S" failures="0" tests="1" name="extentreports.SeleniumLoginTest" time="11.927" errors="0" timestamp="2022-02-14T21:29:37 IST" skipped="0">
  <testcase classname="extentreports.SeleniumLoginTest" name="loginTest" time="11.927"/>
  <system-out/>
</testsuite> <!-- extentreports.SeleniumLoginTest -->
